[debug] [2022-04-16T04:34:54.910Z] ----------------------------------------------------------------------
[debug] [2022-04-16T04:34:54.912Z] Command:       C:\Program Files\nodejs\node.exe C:\Users\timot\AppData\Roaming\npm\node_modules\firebase-tools\lib\bin\firebase.js init
[debug] [2022-04-16T04:34:54.913Z] CLI Version:   10.4.0
[debug] [2022-04-16T04:34:54.913Z] Platform:      win32
[debug] [2022-04-16T04:34:54.913Z] Node Version:  v16.14.2
[debug] [2022-04-16T04:34:54.914Z] Time:          Sat Apr 16 2022 00:34:54 GMT-0400 (Eastern Daylight Saving Time)
[debug] [2022-04-16T04:34:54.914Z] ----------------------------------------------------------------------
[debug] 
[debug] [2022-04-16T04:34:54.990Z] > command requires scopes: ["email","openid","https://www.googleapis.com/auth/cloudplatformprojects.readonly","https://www.googleapis.com/auth/firebase","https://www.googleapis.com/auth/cloud-platform"]
[debug] [2022-04-16T04:34:54.990Z] > authorizing via signed-in user (eggnationapp@gmail.com)
[info] 
     ######## #### ########  ######## ########     ###     ######  ########
     ##        ##  ##     ## ##       ##     ##  ##   ##  ##       ##
     ######    ##  ########  ######   ########  #########  ######  ######
     ##        ##  ##    ##  ##       ##     ## ##     ##       ## ##
     ##       #### ##     ## ######## ########  ##     ##  ######  ########

You're about to initialize a Firebase project in this directory:

  C:\Code\EggnationRN

Before we get started, keep in mind:

  * You are currently outside your home directory
  * You are initializing within an existing Firebase project directory

